COM5Opening interface (serial port)Interface COM5 successfully openedConnecting to ECU...Sending test command:AT ZGot nothing
Got nothing
Got nothing
Got nothing
Got nothing
Got nothing
Got nothing
Got nothing
Got nothing
Got nothing
Got nothing
Got nothing
Got nothing
Got nothing
Got nothing
Got nothing
Got nothing
Got nothing
Got nothing
Got nothing
Got nothing
Got nothing
Got nothing
Got nothing
Got nothing
Got nothing
Got nothing
Got nothing
Got nothing
Got nothing
Got nothing
Got nothing
Got nothing
Got nothing
Got nothing
Got nothing
['COM5']
Opening interface (serial port)
Interface COM5 successfully opened
Connecting to ECU...
Sending test command:AT Z
Got nothing

Got nothing

Got nothing

Got nothing

Got nothing

Got nothing

Got nothing

Got nothing

Got nothing

Got nothing

Got nothing

Got nothing

Got nothing

Got nothing

Got nothing

Got nothing

Got nothing

Got nothing

Got nothing

Got nothing

Got nothing

Got nothing

Got nothing

Got nothing

Got nothing

Got nothing

Got nothing

Got nothing

Got nothing

Got nothing

Got nothing

Got nothing

Got nothing

Got nothing

Got nothing

Got nothing

